[debug] [2023-12-11T05:49:52.597Z] ----------------------------------------------------------------------
[debug] [2023-12-11T05:49:52.598Z] Command:       /usr/local/bin/node /usr/local/bin/firebase init
[debug] [2023-12-11T05:49:52.599Z] CLI Version:   12.8.1
[debug] [2023-12-11T05:49:52.599Z] Platform:      darwin
[debug] [2023-12-11T05:49:52.599Z] Node Version:  v18.18.2
[debug] [2023-12-11T05:49:52.600Z] Time:          Mon Dec 11 2023 00:49:52 GMT-0500 (Eastern Standard Time)
[debug] [2023-12-11T05:49:52.600Z] ----------------------------------------------------------------------
[debug] 
[debug] [2023-12-11T05:49:52.634Z] > command requires scopes: ["email","openid","https://www.googleapis.com/auth/cloudplatformprojects.readonly","https://www.googleapis.com/auth/firebase","https://www.googleapis.com/auth/cloud-platform"]
[debug] [2023-12-11T05:49:52.635Z] > authorizing via signed-in user (cristianbolanos332@gmail.com)
[info] 
     ######## #### ########  ######## ########     ###     ######  ########
     ##        ##  ##     ## ##       ##     ##  ##   ##  ##       ##
     ######    ##  ########  ######   ########  #########  ######  ######
     ##        ##  ##    ##  ##       ##     ## ##     ##       ## ##
     ##       #### ##     ## ######## ########  ##     ##  ######  ########

You're about to initialize a Firebase project in this directory:

  /Users/cristian/Desktop/AI-Vision-App

Before we get started, keep in mind:

  * You are initializing within an existing Firebase project directory

[info] 
=== Project Setup
[info] 
[info] First, let's associate this project directory with a Firebase project.
[info] You can create multiple project aliases by running firebase use --add, 
[info] but for now we'll just set up a default project.
[info] 
